********************************************************************************
DUPLICATOR-LITE PACKAGE-LOG: 28 June 2024 15h20
NOTICE: Do NOT post to public sites or forums 
********************************************************************************
VERSION:	1.5.10
WORDPRESS:	6.5.5
PHP INFO:	8.2.0 | SAPI: apache2handler
SERVER:		Apache/2.4.54 (Unix) OpenSSL/1.1.1s PHP/8.2.0 mod_perl/2.0.12 Perl/v5.34.1 
PHP TIME LIMIT: (0) no time limit imposed 
PHP MAX MEMORY: 4294967296 (512M default) 
MEMORY STACK: 44.5MB

********************************************************************************
DATABASE:
********************************************************************************
BUILD MODE:   PHP(query limit - 100)
MYSQLTIMEOUT: 5000
MYSQLDUMP:    Not Supported
TABLES: total:13 | filtered:0 | create:13
FILTERED: []
SQL CREATED: 20240628_kiosquecongobrazzaville_b45892ce8ae87bc15888_20240628152051_database.sql
SQL FILE SIZE: 643.7KB (659145)
SQL FILE TIME: 2024-06-28 15:20:58
SQL RUNTIME: 0.12 sec.

********************************************************************************
ARCHIVE (ZIP):
********************************************************************************
ARCHIVE DIR:  /Applications/XAMPP/xamppfiles/htdocs/kiosque-congo
ARCHIVE FILE: 20240628_kiosquecongobrazzaville_b45892ce8ae87bc15888_20240628152051_archive.zip
FILTERS: *OFF*
DIRS:
	not set
FILES:
	not set
EXTS:  not set
----------------------------------------
COMPRESSING
SIZE:	118.81MB
STATS:	Dirs 643 | Files 5,738
SQL ADDED: 20240628_kiosquecongobrazzaville_b45892ce8ae87bc15888_20240628152051_database.sql
ZipArchive Object
(
    [lastId] => 6380
    [status] => 0
    [statusSys] => 0
    [numFiles] => 6381
    [filename] => /Applications/XAMPP/xamppfiles/htdocs/kiosque-congo/wp-content/backups-dup-lite/tmp/20240628_kiosquecongobrazzaville_b45892ce8ae87bc15888_20240628152051_archive.zip
    [comment] => 
)

FILE ADDED TO ZIP: 6380
COMPRESSION RESULT: '1'
COMPRESSED SIZE: 53.68MB
ARCHIVE RUNTIME: 10.13 sec.
MEMORY STACK: 46.5MB
building installer
ARCHIVE CONSISTENCY TEST: PASS

********************************************************************************
INTEGRITY CHECKS:
********************************************************************************
SQL FILE: 643.7KB
INSTALLER FILE: 73.49KB
ARCHIVE FILE: 55.55MB 
EXPECTED FILE/DIRECTORY COUNT: 6,381
ACTUAL FILE/DIRECTORY COUNT: 6,380
ARCHIVE CONSISTENCY TEST: Pass

********************************************************************************
RECORD ID:[1]
TOTAL PROCESS RUNTIME: 13.97 sec.
PEAK PHP MEMORY USED: 48.5MB
DONE PROCESSING => 20240628_kiosquecongobrazzaville 28 June 2024 15h21

